[0311/203357.177:ERROR:file_io.cc(89)] ReadExactly: expected 36, observed 0
[0409/161051.526:ERROR:prune_crash_reports.cc(34)] PruneCrashReportDatabase: Failed to get pending reports
[0529/172607.348:ERROR:process_info.cc(359)] UncheckedAllocate
[0529/172734.015:ERROR:process_info.cc(359)] UncheckedAllocate
[0529/172735.349:ERROR:process_info.cc(359)] UncheckedAllocate
[0603/165257.809:ERROR:process_info.cc(359)] UncheckedAllocate
[0603/173428.646:ERROR:process_info.cc(359)] UncheckedAllocate
[0603/191715.771:ERROR:process_info.cc(359)] UncheckedAllocate
[0603/192847.877:ERROR:process_info.cc(359)] UncheckedAllocate
[0603/194626.494:ERROR:process_info.cc(359)] UncheckedAllocate
[0603/194626.528:ERROR:process_info.cc(359)] UncheckedAllocate
[0603/194627.375:ERROR:process_info.cc(359)] UncheckedAllocate
[0603/194628.139:ERROR:process_info.cc(359)] UncheckedAllocate
[0603/194709.467:ERROR:process_info.cc(359)] UncheckedAllocate
[0603/195136.349:ERROR:process_info.cc(329)] VirtualQueryEx: Access is denied. (0x5)
[0603/195136.360:ERROR:process_info.cc(550)] ReadMemoryInfo failed
[0603/195136.362:ERROR:process_memory_win.cc(39)] Failed to initialize ProcessInfo.
[0603/195136.362:ERROR:scoped_process_suspend.cc(40)] NtResumeProcess: An attempt was made to access an exiting process. (0xc000010a)
[0603/195136.458:ERROR:process_info.cc(359)] UncheckedAllocate
[0603/195137.007:ERROR:process_info.cc(359)] UncheckedAllocate
[0610/160108.956:ERROR:prune_crash_reports.cc(34)] PruneCrashReportDatabase: Failed to get pending reports
